TpTrace Verbose: 0 : 17604, 1, 2021/09/16, 11:20:23.069, 5002918908731, vstest.console.dll, Version: 16.11.0-release-20210626-04
TpTrace Information: 0 : 17604, 1, 2021/09/16, 11:20:23.080, 5002919017332, vstest.console.dll, FilePatternParser: The given file D:\Install\Ritesh1824_git\AngularRomanCalculator\AngularRomanCalculatorTest\bin\Debug\net5.0\fine-code-coverage\build-output\AngularRomanCalculatorTest.dll is a full path.
TpTrace Verbose: 0 : 17604, 1, 2021/09/16, 11:20:23.087, 5002919084544, vstest.console.dll, TestPluginCache.DiscoverTestExtensions: finding test extensions in assemblies ends with: RuntimeProvider.dll TPluginInfo: Microsoft.VisualStudio.TestPlatform.Common.ExtensionFramework.Utilities.TestRuntimePluginInformation TExtension: Microsoft.VisualStudio.TestPlatform.ObjectModel.Host.ITestRuntimeProvider
TpTrace Verbose: 0 : 17604, 1, 2021/09/16, 11:20:23.087, 5002919088418, vstest.console.dll, TestPluginCache.GetExtensionPaths: Filtered extension paths: 
TpTrace Verbose: 0 : 17604, 1, 2021/09/16, 11:20:23.087, 5002919089862, vstest.console.dll, TestPluginCache.GetExtensionPaths: Added default extension paths: C:\Program Files\dotnet\sdk\5.0.400\Extensions\Microsoft.Diagnostics.NETCore.Client.dll
C:\Program Files\dotnet\sdk\5.0.400\Extensions\Microsoft.TestPlatform.Extensions.BlameDataCollector.dll
C:\Program Files\dotnet\sdk\5.0.400\Extensions\Microsoft.TestPlatform.Extensions.EventLogCollector.dll
C:\Program Files\dotnet\sdk\5.0.400\Extensions\Microsoft.TestPlatform.TestHostRuntimeProvider.dll
C:\Program Files\dotnet\sdk\5.0.400\Extensions\Microsoft.VisualStudio.TestPlatform.Extensions.Html.TestLogger.dll
C:\Program Files\dotnet\sdk\5.0.400\Extensions\Microsoft.VisualStudio.TestPlatform.Extensions.Trx.TestLogger.dll
TpTrace Verbose: 0 : 17604, 1, 2021/09/16, 11:20:23.087, 5002919090459, vstest.console.dll, TestPluginCache.GetExtensionPaths: Added unfilterableExtensionPaths: 
TpTrace Information: 0 : 17604, 1, 2021/09/16, 11:20:23.088, 5002919099827, vstest.console.dll, AssemblyResolver.ctor: Creating AssemblyResolver with searchDirectories C:\Program Files\dotnet\sdk\5.0.400\Extensions,C:\Program Files\dotnet\sdk\5.0.400
TpTrace Verbose: 0 : 17604, 1, 2021/09/16, 11:20:23.089, 5002919109071, vstest.console.dll, TestPluginCache.DiscoverTestExtensions: Discovering the extensions using extension path.
TpTrace Verbose: 0 : 17604, 1, 2021/09/16, 11:20:23.089, 5002919110456, vstest.console.dll, TestPluginCache.GetExtensionPaths: Filtered extension paths: 
TpTrace Verbose: 0 : 17604, 1, 2021/09/16, 11:20:23.090, 5002919111041, vstest.console.dll, TestPluginCache.GetExtensionPaths: Added default extension paths: C:\Program Files\dotnet\sdk\5.0.400\Extensions\Microsoft.Diagnostics.NETCore.Client.dll
C:\Program Files\dotnet\sdk\5.0.400\Extensions\Microsoft.TestPlatform.Extensions.BlameDataCollector.dll
C:\Program Files\dotnet\sdk\5.0.400\Extensions\Microsoft.TestPlatform.Extensions.EventLogCollector.dll
C:\Program Files\dotnet\sdk\5.0.400\Extensions\Microsoft.TestPlatform.TestHostRuntimeProvider.dll
C:\Program Files\dotnet\sdk\5.0.400\Extensions\Microsoft.VisualStudio.TestPlatform.Extensions.Html.TestLogger.dll
C:\Program Files\dotnet\sdk\5.0.400\Extensions\Microsoft.VisualStudio.TestPlatform.Extensions.Trx.TestLogger.dll
TpTrace Verbose: 0 : 17604, 1, 2021/09/16, 11:20:23.090, 5002919111340, vstest.console.dll, TestPluginCache.GetExtensionPaths: Added unfilterableExtensionPaths: 
TpTrace Verbose: 0 : 17604, 1, 2021/09/16, 11:20:23.090, 5002919112156, vstest.console.dll, TestPluginCache.DiscoverTestExtensions: Discovering the extensions using allExtensionPaths: C:\Program Files\dotnet\sdk\5.0.400\Extensions\Microsoft.Diagnostics.NETCore.Client.dll
C:\Program Files\dotnet\sdk\5.0.400\Extensions\Microsoft.TestPlatform.Extensions.BlameDataCollector.dll
C:\Program Files\dotnet\sdk\5.0.400\Extensions\Microsoft.TestPlatform.Extensions.EventLogCollector.dll
C:\Program Files\dotnet\sdk\5.0.400\Extensions\Microsoft.TestPlatform.TestHostRuntimeProvider.dll
C:\Program Files\dotnet\sdk\5.0.400\Extensions\Microsoft.VisualStudio.TestPlatform.Extensions.Html.TestLogger.dll
C:\Program Files\dotnet\sdk\5.0.400\Extensions\Microsoft.VisualStudio.TestPlatform.Extensions.Trx.TestLogger.dll
TpTrace Information: 0 : 17604, 1, 2021/09/16, 11:20:23.090, 5002919113681, vstest.console.dll, AssemblyResolver.AddSearchDirectories: Adding more searchDirectories C:\Program Files\dotnet\sdk\5.0.400\Extensions,C:\Program Files\dotnet\sdk\5.0.400
TpTrace Information: 0 : 17604, 1, 2021/09/16, 11:20:23.090, 5002919114290, vstest.console.dll, AssemblyResolver.AddSearchDirectories: Adding more searchDirectories C:\Program Files\dotnet\sdk\5.0.400\Extensions,C:\Program Files\dotnet\sdk\5.0.400
TpTrace Information: 0 : 17604, 1, 2021/09/16, 11:20:23.090, 5002919114626, vstest.console.dll, AssemblyResolver.AddSearchDirectories: Adding more searchDirectories C:\Program Files\dotnet\sdk\5.0.400\Extensions,C:\Program Files\dotnet\sdk\5.0.400
TpTrace Information: 0 : 17604, 1, 2021/09/16, 11:20:23.090, 5002919115065, vstest.console.dll, AssemblyResolver.AddSearchDirectories: Adding more searchDirectories C:\Program Files\dotnet\sdk\5.0.400\Extensions,C:\Program Files\dotnet\sdk\5.0.400
TpTrace Information: 0 : 17604, 1, 2021/09/16, 11:20:23.090, 5002919115408, vstest.console.dll, AssemblyResolver.AddSearchDirectories: Adding more searchDirectories C:\Program Files\dotnet\sdk\5.0.400\Extensions,C:\Program Files\dotnet\sdk\5.0.400
TpTrace Information: 0 : 17604, 1, 2021/09/16, 11:20:23.090, 5002919115663, vstest.console.dll, AssemblyResolver.AddSearchDirectories: Adding more searchDirectories C:\Program Files\dotnet\sdk\5.0.400\Extensions,C:\Program Files\dotnet\sdk\5.0.400
TpTrace Information: 0 : 17604, 1, 2021/09/16, 11:20:23.090, 5002919118898, vstest.console.dll, AssemblyResolver.OnResolve: Microsoft.Diagnostics.NETCore.Client: Resolving assembly.
TpTrace Information: 0 : 17604, 1, 2021/09/16, 11:20:23.090, 5002919119396, vstest.console.dll, AssemblyResolver.OnResolve: Microsoft.Diagnostics.NETCore.Client: Searching in: 'C:\Program Files\dotnet\sdk\5.0.400\Extensions'.
TpTrace Information: 0 : 17604, 1, 2021/09/16, 11:20:23.091, 5002919125425, vstest.console.dll, AssemblyResolver.OnResolve: Microsoft.Diagnostics.NETCore.Client: Loading assembly 'C:\Program Files\dotnet\sdk\5.0.400\Extensions\Microsoft.Diagnostics.NETCore.Client.dll'.
TpTrace Information: 0 : 17604, 1, 2021/09/16, 11:20:23.092, 5002919132032, vstest.console.dll, AssemblyResolver.OnResolve: Resolved assembly: Microsoft.Diagnostics.NETCore.Client, from path: C:\Program Files\dotnet\sdk\5.0.400\Extensions\Microsoft.Diagnostics.NETCore.Client.dll
TpTrace Information: 0 : 17604, 1, 2021/09/16, 11:20:23.094, 5002919154504, vstest.console.dll, AssemblyResolver.OnResolve: Microsoft.Bcl.AsyncInterfaces: Resolving assembly.
TpTrace Information: 0 : 17604, 1, 2021/09/16, 11:20:23.094, 5002919155291, vstest.console.dll, AssemblyResolver.OnResolve: Microsoft.Bcl.AsyncInterfaces: Searching in: 'C:\Program Files\dotnet\sdk\5.0.400\Extensions'.
TpTrace Information: 0 : 17604, 1, 2021/09/16, 11:20:23.094, 5002919156105, vstest.console.dll, AssemblyResolver.OnResolve: Microsoft.Bcl.AsyncInterfaces: Assembly path does not exist: 'C:\Program Files\dotnet\sdk\5.0.400\Extensions\Microsoft.Bcl.AsyncInterfaces.dll', returning.
TpTrace Information: 0 : 17604, 1, 2021/09/16, 11:20:23.094, 5002919156768, vstest.console.dll, AssemblyResolver.OnResolve: Microsoft.Bcl.AsyncInterfaces: Assembly path does not exist: 'C:\Program Files\dotnet\sdk\5.0.400\Extensions\Microsoft.Bcl.AsyncInterfaces.exe', returning.
TpTrace Information: 0 : 17604, 1, 2021/09/16, 11:20:23.094, 5002919157073, vstest.console.dll, AssemblyResolver.OnResolve: Microsoft.Bcl.AsyncInterfaces: Searching in: 'C:\Program Files\dotnet\sdk\5.0.400'.
TpTrace Information: 0 : 17604, 1, 2021/09/16, 11:20:23.094, 5002919157709, vstest.console.dll, AssemblyResolver.OnResolve: Microsoft.Bcl.AsyncInterfaces: Assembly path does not exist: 'C:\Program Files\dotnet\sdk\5.0.400\Microsoft.Bcl.AsyncInterfaces.dll', returning.
TpTrace Information: 0 : 17604, 1, 2021/09/16, 11:20:23.094, 5002919158296, vstest.console.dll, AssemblyResolver.OnResolve: Microsoft.Bcl.AsyncInterfaces: Assembly path does not exist: 'C:\Program Files\dotnet\sdk\5.0.400\Microsoft.Bcl.AsyncInterfaces.exe', returning.
TpTrace Information: 0 : 17604, 1, 2021/09/16, 11:20:23.094, 5002919159041, vstest.console.dll, AssemblyResolver.OnResolve: Microsoft.Bcl.AsyncInterfaces: Failed to load assembly.
TpTrace Verbose: 0 : 17604, 1, 2021/09/16, 11:20:23.094, 5002919159519, vstest.console.dll, CurrentDomainAssemblyResolve: Resolving assembly 'Microsoft.Bcl.AsyncInterfaces'.
TpTrace Information: 0 : 17604, 1, 2021/09/16, 11:20:23.094, 5002919160162, vstest.console.dll, AssemblyResolver.OnResolve: Microsoft.Bcl.AsyncInterfaces: Resolving assembly.
TpTrace Information: 0 : 17604, 1, 2021/09/16, 11:20:23.094, 5002919160537, vstest.console.dll, AssemblyResolver.OnResolve: Microsoft.Bcl.AsyncInterfaces: Resolved from cache.
TpTrace Verbose: 0 : 17604, 1, 2021/09/16, 11:20:23.094, 5002919160811, vstest.console.dll, CurrentDomainAssemblyResolve: Resolving assembly 'Microsoft.Bcl.AsyncInterfaces'.
TpTrace Verbose: 0 : 17604, 1, 2021/09/16, 11:20:23.095, 5002919161149, vstest.console.dll, CurrentDomainAssemblyResolve: Failed to resolve assembly 'Microsoft.Bcl.AsyncInterfaces'.
TpTrace Verbose: 0 : 17604, 1, 2021/09/16, 11:20:23.095, 5002919168047, vstest.console.dll, CurrentDomainAssemblyResolve: Failed to resolve assembly 'Microsoft.Bcl.AsyncInterfaces'.
TpTrace Warning: 0 : 17604, 1, 2021/09/16, 11:20:23.109, 5002919301889, vstest.console.dll, TestPluginDiscoverer: Failed to get types from assembly 'Microsoft.Diagnostics.NETCore.Client, Version=0.2.2.41902, Culture=neutral, PublicKeyToken=31bf3856ad364e35'.  Skipping test extension scan for this assembly.  Error: System.Reflection.ReflectionTypeLoadException: Unable to load one or more of the requested types.
Could not load file or assembly 'Microsoft.Bcl.AsyncInterfaces, Version=1.0.0.0, Culture=neutral, PublicKeyToken=cc7b13ffcd2ddd51'. The system cannot find the file specified.
   at System.Reflection.RuntimeModule.GetTypes(RuntimeModule module)
   at System.Reflection.RuntimeModule.GetTypes()
   at System.Reflection.Assembly.GetTypes()
   at Microsoft.VisualStudio.TestPlatform.Common.ExtensionFramework.TestPluginDiscoverer.GetTestExtensionsFromAssembly[TPluginInfo,TExtension](Assembly assembly, Dictionary`2 pluginInfos)
System.IO.FileNotFoundException: Could not load file or assembly 'Microsoft.Bcl.AsyncInterfaces, Version=1.0.0.0, Culture=neutral, PublicKeyToken=cc7b13ffcd2ddd51'. The system cannot find the file specified.
File name: 'Microsoft.Bcl.AsyncInterfaces, Version=1.0.0.0, Culture=neutral, PublicKeyToken=cc7b13ffcd2ddd51'
TpTrace Warning: 0 : 17604, 1, 2021/09/16, 11:20:23.109, 5002919302965, vstest.console.dll, LoaderExceptions: System.IO.FileNotFoundException: Could not load file or assembly 'Microsoft.Bcl.AsyncInterfaces, Version=1.0.0.0, Culture=neutral, PublicKeyToken=cc7b13ffcd2ddd51'. The system cannot find the file specified.
File name: 'Microsoft.Bcl.AsyncInterfaces, Version=1.0.0.0, Culture=neutral, PublicKeyToken=cc7b13ffcd2ddd51'
TpTrace Information: 0 : 17604, 1, 2021/09/16, 11:20:23.109, 5002919304383, vstest.console.dll, AssemblyResolver.OnResolve: Microsoft.TestPlatform.Extensions.BlameDataCollector: Resolving assembly.
TpTrace Information: 0 : 17604, 1, 2021/09/16, 11:20:23.109, 5002919304767, vstest.console.dll, AssemblyResolver.OnResolve: Microsoft.TestPlatform.Extensions.BlameDataCollector: Searching in: 'C:\Program Files\dotnet\sdk\5.0.400\Extensions'.
TpTrace Information: 0 : 17604, 1, 2021/09/16, 11:20:23.109, 5002919309370, vstest.console.dll, AssemblyResolver.OnResolve: Microsoft.TestPlatform.Extensions.BlameDataCollector: Loading assembly 'C:\Program Files\dotnet\sdk\5.0.400\Extensions\Microsoft.TestPlatform.Extensions.BlameDataCollector.dll'.
TpTrace Information: 0 : 17604, 1, 2021/09/16, 11:20:23.110, 5002919315094, vstest.console.dll, AssemblyResolver.OnResolve: Resolved assembly: Microsoft.TestPlatform.Extensions.BlameDataCollector, from path: C:\Program Files\dotnet\sdk\5.0.400\Extensions\Microsoft.TestPlatform.Extensions.BlameDataCollector.dll
TpTrace Information: 0 : 17604, 1, 2021/09/16, 11:20:23.110, 5002919320665, vstest.console.dll, AssemblyResolver.OnResolve: Microsoft.TestPlatform.Extensions.EventLogCollector: Resolving assembly.
TpTrace Information: 0 : 17604, 1, 2021/09/16, 11:20:23.111, 5002919321101, vstest.console.dll, AssemblyResolver.OnResolve: Microsoft.TestPlatform.Extensions.EventLogCollector: Searching in: 'C:\Program Files\dotnet\sdk\5.0.400\Extensions'.
TpTrace Information: 0 : 17604, 1, 2021/09/16, 11:20:23.111, 5002919324952, vstest.console.dll, AssemblyResolver.OnResolve: Microsoft.TestPlatform.Extensions.EventLogCollector: Loading assembly 'C:\Program Files\dotnet\sdk\5.0.400\Extensions\Microsoft.TestPlatform.Extensions.EventLogCollector.dll'.
TpTrace Information: 0 : 17604, 1, 2021/09/16, 11:20:23.111, 5002919329709, vstest.console.dll, AssemblyResolver.OnResolve: Resolved assembly: Microsoft.TestPlatform.Extensions.EventLogCollector, from path: C:\Program Files\dotnet\sdk\5.0.400\Extensions\Microsoft.TestPlatform.Extensions.EventLogCollector.dll
TpTrace Information: 0 : 17604, 1, 2021/09/16, 11:20:23.113, 5002919350425, vstest.console.dll, AssemblyResolver.OnResolve: Microsoft.TestPlatform.TestHostRuntimeProvider: Resolving assembly.
TpTrace Information: 0 : 17604, 1, 2021/09/16, 11:20:23.114, 5002919351309, vstest.console.dll, AssemblyResolver.OnResolve: Microsoft.TestPlatform.TestHostRuntimeProvider: Searching in: 'C:\Program Files\dotnet\sdk\5.0.400\Extensions'.
TpTrace Information: 0 : 17604, 1, 2021/09/16, 11:20:23.114, 5002919355790, vstest.console.dll, AssemblyResolver.OnResolve: Microsoft.TestPlatform.TestHostRuntimeProvider: Loading assembly 'C:\Program Files\dotnet\sdk\5.0.400\Extensions\Microsoft.TestPlatform.TestHostRuntimeProvider.dll'.
TpTrace Information: 0 : 17604, 1, 2021/09/16, 11:20:23.114, 5002919360506, vstest.console.dll, AssemblyResolver.OnResolve: Resolved assembly: Microsoft.TestPlatform.TestHostRuntimeProvider, from path: C:\Program Files\dotnet\sdk\5.0.400\Extensions\Microsoft.TestPlatform.TestHostRuntimeProvider.dll
TpTrace Information: 0 : 17604, 1, 2021/09/16, 11:20:23.116, 5002919377795, vstest.console.dll, AssemblyResolver.OnResolve: Microsoft.VisualStudio.TestPlatform.Extensions.Html.TestLogger: Resolving assembly.
TpTrace Information: 0 : 17604, 1, 2021/09/16, 11:20:23.116, 5002919378882, vstest.console.dll, AssemblyResolver.OnResolve: Microsoft.VisualStudio.TestPlatform.Extensions.Html.TestLogger: Searching in: 'C:\Program Files\dotnet\sdk\5.0.400\Extensions'.
TpTrace Information: 0 : 17604, 1, 2021/09/16, 11:20:23.117, 5002919384140, vstest.console.dll, AssemblyResolver.OnResolve: Microsoft.VisualStudio.TestPlatform.Extensions.Html.TestLogger: Loading assembly 'C:\Program Files\dotnet\sdk\5.0.400\Extensions\Microsoft.VisualStudio.TestPlatform.Extensions.Html.TestLogger.dll'.
TpTrace Information: 0 : 17604, 1, 2021/09/16, 11:20:23.117, 5002919389777, vstest.console.dll, AssemblyResolver.OnResolve: Resolved assembly: Microsoft.VisualStudio.TestPlatform.Extensions.Html.TestLogger, from path: C:\Program Files\dotnet\sdk\5.0.400\Extensions\Microsoft.VisualStudio.TestPlatform.Extensions.Html.TestLogger.dll
TpTrace Information: 0 : 17604, 1, 2021/09/16, 11:20:23.118, 5002919392925, vstest.console.dll, AssemblyResolver.OnResolve: Microsoft.VisualStudio.TestPlatform.Extensions.Trx.TestLogger: Resolving assembly.
TpTrace Information: 0 : 17604, 1, 2021/09/16, 11:20:23.118, 5002919393364, vstest.console.dll, AssemblyResolver.OnResolve: Microsoft.VisualStudio.TestPlatform.Extensions.Trx.TestLogger: Searching in: 'C:\Program Files\dotnet\sdk\5.0.400\Extensions'.
TpTrace Information: 0 : 17604, 1, 2021/09/16, 11:20:23.118, 5002919399023, vstest.console.dll, AssemblyResolver.OnResolve: Microsoft.VisualStudio.TestPlatform.Extensions.Trx.TestLogger: Loading assembly 'C:\Program Files\dotnet\sdk\5.0.400\Extensions\Microsoft.VisualStudio.TestPlatform.Extensions.Trx.TestLogger.dll'.
TpTrace Information: 0 : 17604, 1, 2021/09/16, 11:20:23.119, 5002919408239, vstest.console.dll, AssemblyResolver.OnResolve: Resolved assembly: Microsoft.VisualStudio.TestPlatform.Extensions.Trx.TestLogger, from path: C:\Program Files\dotnet\sdk\5.0.400\Extensions\Microsoft.VisualStudio.TestPlatform.Extensions.Trx.TestLogger.dll
TpTrace Verbose: 0 : 17604, 1, 2021/09/16, 11:20:23.120, 5002919417599, vstest.console.dll, TestPluginCache: Discovered the extensions using extension path ''.
TpTrace Verbose: 0 : 17604, 1, 2021/09/16, 11:20:23.120, 5002919418305, vstest.console.dll, TestPluginCache: Discoverers are ''.
TpTrace Verbose: 0 : 17604, 1, 2021/09/16, 11:20:23.120, 5002919418686, vstest.console.dll, TestPluginCache: Executors are ''.
TpTrace Verbose: 0 : 17604, 1, 2021/09/16, 11:20:23.120, 5002919419031, vstest.console.dll, TestPluginCache: Executors2 are ''.
TpTrace Verbose: 0 : 17604, 1, 2021/09/16, 11:20:23.120, 5002919419360, vstest.console.dll, TestPluginCache: Setting providers are ''.
TpTrace Verbose: 0 : 17604, 1, 2021/09/16, 11:20:23.120, 5002919419729, vstest.console.dll, TestPluginCache: Loggers are ''.
TpTrace Information: 0 : 17604, 1, 2021/09/16, 11:20:23.128, 5002919493098, vstest.console.dll, RunTestsArgumentProcessor:Execute: Test run is starting.
TpTrace Verbose: 0 : 17604, 1, 2021/09/16, 11:20:23.128, 5002919494300, vstest.console.dll, RunTestsArgumentProcessor:Execute: Queuing Test run.
TpTrace Information: 0 : 17604, 1, 2021/09/16, 11:20:23.128, 5002919497385, vstest.console.dll, TestRequestManager.RunTests: run tests started.
TpTrace Information: 0 : 17604, 1, 2021/09/16, 11:20:23.133, 5002919549039, vstest.console.dll, AssemblyMetadataProvider.GetFrameWork: Determined framework:'.NETCoreApp,Version=v5.0' for source: 'D:\Install\Ritesh1824_git\AngularRomanCalculator\AngularRomanCalculatorTest\bin\Debug\net5.0\fine-code-coverage\build-output\AngularRomanCalculatorTest.dll'
TpTrace Information: 0 : 17604, 1, 2021/09/16, 11:20:23.134, 5002919551354, vstest.console.dll, Determined framework for all sources: .NETCoreApp,Version=v5.0
TpTrace Information: 0 : 17604, 1, 2021/09/16, 11:20:23.134, 5002919557821, vstest.console.dll, AssemblyMetadataProvider.GetArchitecture: Determined architecture:AnyCPU info for assembly: D:\Install\Ritesh1824_git\AngularRomanCalculator\AngularRomanCalculatorTest\bin\Debug\net5.0\fine-code-coverage\build-output\AngularRomanCalculatorTest.dll
TpTrace Information: 0 : 17604, 1, 2021/09/16, 11:20:23.137, 5002919587665, vstest.console.dll, Determined platform for all sources: X64
TpTrace Information: 0 : 17604, 1, 2021/09/16, 11:20:23.140, 5002919619753, vstest.console.dll, Compatible sources list : 
TpTrace Information: 0 : 17604, 1, 2021/09/16, 11:20:23.141, 5002919620858, vstest.console.dll, D:\Install\Ritesh1824_git\AngularRomanCalculator\AngularRomanCalculatorTest\bin\Debug\net5.0\fine-code-coverage\build-output\AngularRomanCalculatorTest.dll
TpTrace Information: 0 : 17604, 1, 2021/09/16, 11:20:23.142, 5002919639481, vstest.console.dll, InferRunSettingsHelper.IsTestSettingsEnabled: Unable to navigate to RunSettings/MSTest. Current node: RunSettings
TpTrace Information: 0 : 17604, 1, 2021/09/16, 11:20:23.143, 5002919645495, vstest.console.dll, AssemblyResolver.OnResolve: Microsoft.VisualStudio.TestPlatform.Fakes: Resolving assembly.
TpTrace Information: 0 : 17604, 1, 2021/09/16, 11:20:23.143, 5002919646134, vstest.console.dll, AssemblyResolver.OnResolve: Microsoft.VisualStudio.TestPlatform.Fakes: Searching in: 'C:\Program Files\dotnet\sdk\5.0.400\Extensions'.
TpTrace Information: 0 : 17604, 1, 2021/09/16, 11:20:23.143, 5002919647397, vstest.console.dll, AssemblyResolver.OnResolve: Microsoft.VisualStudio.TestPlatform.Fakes: Assembly path does not exist: 'C:\Program Files\dotnet\sdk\5.0.400\Extensions\Microsoft.VisualStudio.TestPlatform.Fakes.dll', returning.
TpTrace Information: 0 : 17604, 1, 2021/09/16, 11:20:23.143, 5002919648225, vstest.console.dll, AssemblyResolver.OnResolve: Microsoft.VisualStudio.TestPlatform.Fakes: Assembly path does not exist: 'C:\Program Files\dotnet\sdk\5.0.400\Extensions\Microsoft.VisualStudio.TestPlatform.Fakes.exe', returning.
TpTrace Information: 0 : 17604, 1, 2021/09/16, 11:20:23.143, 5002919648727, vstest.console.dll, AssemblyResolver.OnResolve: Microsoft.VisualStudio.TestPlatform.Fakes: Searching in: 'C:\Program Files\dotnet\sdk\5.0.400'.
TpTrace Information: 0 : 17604, 1, 2021/09/16, 11:20:23.143, 5002919649424, vstest.console.dll, AssemblyResolver.OnResolve: Microsoft.VisualStudio.TestPlatform.Fakes: Assembly path does not exist: 'C:\Program Files\dotnet\sdk\5.0.400\Microsoft.VisualStudio.TestPlatform.Fakes.dll', returning.
TpTrace Information: 0 : 17604, 1, 2021/09/16, 11:20:23.143, 5002919650195, vstest.console.dll, AssemblyResolver.OnResolve: Microsoft.VisualStudio.TestPlatform.Fakes: Assembly path does not exist: 'C:\Program Files\dotnet\sdk\5.0.400\Microsoft.VisualStudio.TestPlatform.Fakes.exe', returning.
TpTrace Information: 0 : 17604, 1, 2021/09/16, 11:20:23.143, 5002919650551, vstest.console.dll, AssemblyResolver.OnResolve: Microsoft.VisualStudio.TestPlatform.Fakes: Failed to load assembly.
TpTrace Information: 0 : 17604, 1, 2021/09/16, 11:20:23.144, 5002919653893, vstest.console.dll, Failed to create newly implemented Fakes Configurator. Reason:System.IO.FileNotFoundException: Could not load file or assembly 'Microsoft.VisualStudio.TestPlatform.Fakes, Version=16.0.0.0, Culture=neutral, PublicKeyToken=null'. The system cannot find the file specified.
File name: 'Microsoft.VisualStudio.TestPlatform.Fakes, Version=16.0.0.0, Culture=neutral, PublicKeyToken=null'
   at System.Reflection.RuntimeAssembly.InternalLoad(ObjectHandleOnStack assemblyName, ObjectHandleOnStack requestingAssembly, StackCrawlMarkHandle stackMark, Boolean throwOnFileNotFound, ObjectHandleOnStack assemblyLoadContext, ObjectHandleOnStack retAssembly)
   at System.Reflection.RuntimeAssembly.InternalLoad(AssemblyName assemblyName, RuntimeAssembly requestingAssembly, StackCrawlMark& stackMark, Boolean throwOnFileNotFound, AssemblyLoadContext assemblyLoadContext)
   at System.Reflection.Assembly.Load(AssemblyName assemblyRef)
   at Microsoft.VisualStudio.TestPlatform.Common.Utilities.FakesUtilities.TryGetFakesCrossPlatformDataCollectorConfigurator() 
TpTrace Verbose: 0 : 17604, 1, 2021/09/16, 11:20:23.148, 5002919692553, vstest.console.dll, TestPluginCache.DiscoverTestExtensions: finding test extensions in assemblies ends with: TestLogger.dll TPluginInfo: Microsoft.VisualStudio.TestPlatform.Common.ExtensionFramework.Utilities.TestLoggerPluginInformation TExtension: Microsoft.VisualStudio.TestPlatform.ObjectModel.Client.ITestLogger
TpTrace Verbose: 0 : 17604, 1, 2021/09/16, 11:20:23.148, 5002919693545, vstest.console.dll, TestPluginCache.GetExtensionPaths: Filtered extension paths: 
TpTrace Verbose: 0 : 17604, 1, 2021/09/16, 11:20:23.148, 5002919693939, vstest.console.dll, TestPluginCache.GetExtensionPaths: Added default extension paths: C:\Program Files\dotnet\sdk\5.0.400\Extensions\Microsoft.Diagnostics.NETCore.Client.dll
C:\Program Files\dotnet\sdk\5.0.400\Extensions\Microsoft.TestPlatform.Extensions.BlameDataCollector.dll
C:\Program Files\dotnet\sdk\5.0.400\Extensions\Microsoft.TestPlatform.Extensions.EventLogCollector.dll
C:\Program Files\dotnet\sdk\5.0.400\Extensions\Microsoft.TestPlatform.TestHostRuntimeProvider.dll
C:\Program Files\dotnet\sdk\5.0.400\Extensions\Microsoft.VisualStudio.TestPlatform.Extensions.Html.TestLogger.dll
C:\Program Files\dotnet\sdk\5.0.400\Extensions\Microsoft.VisualStudio.TestPlatform.Extensions.Trx.TestLogger.dll
TpTrace Verbose: 0 : 17604, 1, 2021/09/16, 11:20:23.148, 5002919694422, vstest.console.dll, TestPluginCache.GetExtensionPaths: Added unfilterableExtensionPaths: 
TpTrace Information: 0 : 17604, 1, 2021/09/16, 11:20:23.148, 5002919696229, vstest.console.dll, AssemblyResolver.AddSearchDirectories: Adding more searchDirectories C:\Program Files\dotnet\sdk\5.0.400\Extensions,C:\Program Files\dotnet\sdk\5.0.400
TpTrace Verbose: 0 : 17604, 1, 2021/09/16, 11:20:23.148, 5002919696666, vstest.console.dll, TestPluginCache.DiscoverTestExtensions: Discovering the extensions using extension path.
TpTrace Verbose: 0 : 17604, 1, 2021/09/16, 11:20:23.148, 5002919697148, vstest.console.dll, TestPluginCache.GetExtensionPaths: Filtered extension paths: 
TpTrace Verbose: 0 : 17604, 1, 2021/09/16, 11:20:23.148, 5002919697430, vstest.console.dll, TestPluginCache.GetExtensionPaths: Added default extension paths: C:\Program Files\dotnet\sdk\5.0.400\Extensions\Microsoft.Diagnostics.NETCore.Client.dll
C:\Program Files\dotnet\sdk\5.0.400\Extensions\Microsoft.TestPlatform.Extensions.BlameDataCollector.dll
C:\Program Files\dotnet\sdk\5.0.400\Extensions\Microsoft.TestPlatform.Extensions.EventLogCollector.dll
C:\Program Files\dotnet\sdk\5.0.400\Extensions\Microsoft.TestPlatform.TestHostRuntimeProvider.dll
C:\Program Files\dotnet\sdk\5.0.400\Extensions\Microsoft.VisualStudio.TestPlatform.Extensions.Html.TestLogger.dll
C:\Program Files\dotnet\sdk\5.0.400\Extensions\Microsoft.VisualStudio.TestPlatform.Extensions.Trx.TestLogger.dll
TpTrace Verbose: 0 : 17604, 1, 2021/09/16, 11:20:23.148, 5002919697907, vstest.console.dll, TestPluginCache.GetExtensionPaths: Added unfilterableExtensionPaths: 
TpTrace Verbose: 0 : 17604, 1, 2021/09/16, 11:20:23.148, 5002919698207, vstest.console.dll, TestPluginCache.DiscoverTestExtensions: Discovering the extensions using allExtensionPaths: C:\Program Files\dotnet\sdk\5.0.400\Extensions\Microsoft.Diagnostics.NETCore.Client.dll
C:\Program Files\dotnet\sdk\5.0.400\Extensions\Microsoft.TestPlatform.Extensions.BlameDataCollector.dll
C:\Program Files\dotnet\sdk\5.0.400\Extensions\Microsoft.TestPlatform.Extensions.EventLogCollector.dll
C:\Program Files\dotnet\sdk\5.0.400\Extensions\Microsoft.TestPlatform.TestHostRuntimeProvider.dll
C:\Program Files\dotnet\sdk\5.0.400\Extensions\Microsoft.VisualStudio.TestPlatform.Extensions.Html.TestLogger.dll
C:\Program Files\dotnet\sdk\5.0.400\Extensions\Microsoft.VisualStudio.TestPlatform.Extensions.Trx.TestLogger.dll
TpTrace Information: 0 : 17604, 1, 2021/09/16, 11:20:23.148, 5002919698697, vstest.console.dll, AssemblyResolver.AddSearchDirectories: Adding more searchDirectories C:\Program Files\dotnet\sdk\5.0.400\Extensions,C:\Program Files\dotnet\sdk\5.0.400
TpTrace Information: 0 : 17604, 1, 2021/09/16, 11:20:23.148, 5002919699149, vstest.console.dll, AssemblyResolver.AddSearchDirectories: Adding more searchDirectories C:\Program Files\dotnet\sdk\5.0.400\Extensions,C:\Program Files\dotnet\sdk\5.0.400
TpTrace Information: 0 : 17604, 1, 2021/09/16, 11:20:23.148, 5002919699479, vstest.console.dll, AssemblyResolver.AddSearchDirectories: Adding more searchDirectories C:\Program Files\dotnet\sdk\5.0.400\Extensions,C:\Program Files\dotnet\sdk\5.0.400
TpTrace Information: 0 : 17604, 1, 2021/09/16, 11:20:23.148, 5002919699877, vstest.console.dll, AssemblyResolver.AddSearchDirectories: Adding more searchDirectories C:\Program Files\dotnet\sdk\5.0.400\Extensions,C:\Program Files\dotnet\sdk\5.0.400
TpTrace Information: 0 : 17604, 1, 2021/09/16, 11:20:23.148, 5002919700199, vstest.console.dll, AssemblyResolver.AddSearchDirectories: Adding more searchDirectories C:\Program Files\dotnet\sdk\5.0.400\Extensions,C:\Program Files\dotnet\sdk\5.0.400
TpTrace Information: 0 : 17604, 1, 2021/09/16, 11:20:23.148, 5002919700597, vstest.console.dll, AssemblyResolver.AddSearchDirectories: Adding more searchDirectories C:\Program Files\dotnet\sdk\5.0.400\Extensions,C:\Program Files\dotnet\sdk\5.0.400
TpTrace Information: 0 : 17604, 1, 2021/09/16, 11:20:23.149, 5002919703430, vstest.console.dll, AssemblyResolver.OnResolve: Microsoft.Bcl.AsyncInterfaces: Resolving assembly.
TpTrace Information: 0 : 17604, 1, 2021/09/16, 11:20:23.149, 5002919703999, vstest.console.dll, AssemblyResolver.OnResolve: Microsoft.Bcl.AsyncInterfaces: Resolved from cache.
TpTrace Verbose: 0 : 17604, 1, 2021/09/16, 11:20:23.149, 5002919704325, vstest.console.dll, CurrentDomainAssemblyResolve: Resolving assembly 'Microsoft.Bcl.AsyncInterfaces'.
TpTrace Information: 0 : 17604, 1, 2021/09/16, 11:20:23.149, 5002919704895, vstest.console.dll, AssemblyResolver.OnResolve: Microsoft.Bcl.AsyncInterfaces: Resolving assembly.
TpTrace Information: 0 : 17604, 1, 2021/09/16, 11:20:23.149, 5002919705286, vstest.console.dll, AssemblyResolver.OnResolve: Microsoft.Bcl.AsyncInterfaces: Resolved from cache.
TpTrace Verbose: 0 : 17604, 1, 2021/09/16, 11:20:23.149, 5002919705766, vstest.console.dll, CurrentDomainAssemblyResolve: Resolving assembly 'Microsoft.Bcl.AsyncInterfaces'.
TpTrace Verbose: 0 : 17604, 1, 2021/09/16, 11:20:23.149, 5002919706311, vstest.console.dll, CurrentDomainAssemblyResolve: Failed to resolve assembly 'Microsoft.Bcl.AsyncInterfaces'.
TpTrace Verbose: 0 : 17604, 1, 2021/09/16, 11:20:23.149, 5002919707658, vstest.console.dll, CurrentDomainAssemblyResolve: Failed to resolve assembly 'Microsoft.Bcl.AsyncInterfaces'.
TpTrace Warning: 0 : 17604, 1, 2021/09/16, 11:20:23.149, 5002919710253, vstest.console.dll, TestPluginDiscoverer: Failed to get types from assembly 'Microsoft.Diagnostics.NETCore.Client, Version=0.2.2.41902, Culture=neutral, PublicKeyToken=31bf3856ad364e35'.  Skipping test extension scan for this assembly.  Error: System.Reflection.ReflectionTypeLoadException: Unable to load one or more of the requested types.
Could not load file or assembly 'Microsoft.Bcl.AsyncInterfaces, Version=1.0.0.0, Culture=neutral, PublicKeyToken=cc7b13ffcd2ddd51'. The system cannot find the file specified.
   at System.Reflection.RuntimeModule.GetTypes(RuntimeModule module)
   at System.Reflection.RuntimeModule.GetTypes()
   at System.Reflection.Assembly.GetTypes()
   at Microsoft.VisualStudio.TestPlatform.Common.ExtensionFramework.TestPluginDiscoverer.GetTestExtensionsFromAssembly[TPluginInfo,TExtension](Assembly assembly, Dictionary`2 pluginInfos)
System.IO.FileNotFoundException: Could not load file or assembly 'Microsoft.Bcl.AsyncInterfaces, Version=1.0.0.0, Culture=neutral, PublicKeyToken=cc7b13ffcd2ddd51'. The system cannot find the file specified.
File name: 'Microsoft.Bcl.AsyncInterfaces, Version=1.0.0.0, Culture=neutral, PublicKeyToken=cc7b13ffcd2ddd51'
TpTrace Warning: 0 : 17604, 1, 2021/09/16, 11:20:23.149, 5002919710713, vstest.console.dll, LoaderExceptions: System.IO.FileNotFoundException: Could not load file or assembly 'Microsoft.Bcl.AsyncInterfaces, Version=1.0.0.0, Culture=neutral, PublicKeyToken=cc7b13ffcd2ddd51'. The system cannot find the file specified.
File name: 'Microsoft.Bcl.AsyncInterfaces, Version=1.0.0.0, Culture=neutral, PublicKeyToken=cc7b13ffcd2ddd51'
TpTrace Verbose: 0 : 17604, 1, 2021/09/16, 11:20:23.150, 5002919714124, vstest.console.dll, TestPluginCache: Discovered the extensions using extension path ''.
TpTrace Verbose: 0 : 17604, 1, 2021/09/16, 11:20:23.150, 5002919714464, vstest.console.dll, TestPluginCache: Discoverers are ''.
TpTrace Verbose: 0 : 17604, 1, 2021/09/16, 11:20:23.150, 5002919714691, vstest.console.dll, TestPluginCache: Executors are ''.
TpTrace Verbose: 0 : 17604, 1, 2021/09/16, 11:20:23.150, 5002919714967, vstest.console.dll, TestPluginCache: Executors2 are ''.
TpTrace Verbose: 0 : 17604, 1, 2021/09/16, 11:20:23.150, 5002919715356, vstest.console.dll, TestPluginCache: Setting providers are ''.
TpTrace Verbose: 0 : 17604, 1, 2021/09/16, 11:20:23.150, 5002919715918, vstest.console.dll, TestPluginCache: Loggers are 'logger://Microsoft/TestPlatform/Extensions/Blame/v1,logger://Microsoft/TestPlatform/HtmlLogger/v1,logger://Microsoft/TestPlatform/TrxLogger/v1'.
TpTrace Information: 0 : 17604, 1, 2021/09/16, 11:20:23.151, 5002919724466, vstest.console.dll, TestPluginManager.CreateTestExtension: Attempting to load test extension: Microsoft.TestPlatform.Extensions.BlameDataCollector.BlameLogger
TpTrace Information: 0 : 17604, 1, 2021/09/16, 11:20:23.160, 5002919815918, vstest.console.dll, TestPluginManager.CreateTestExtension: Attempting to load test extension: Microsoft.VisualStudio.TestPlatform.CrossPlatEngine.Hosting.DefaultTestHostManager
TpTrace Information: 0 : 17604, 1, 2021/09/16, 11:20:23.160, 5002919818462, vstest.console.dll, TestPluginManager.CreateTestExtension: Attempting to load test extension: Microsoft.VisualStudio.TestPlatform.CrossPlatEngine.Hosting.DotnetTestHostManager
TpTrace Verbose: 0 : 17604, 1, 2021/09/16, 11:20:23.161, 5002919824439, vstest.console.dll, TestEngine: Initializing Parallel Execution as MaxCpuCount is set to: 1
TpTrace Information: 0 : 17604, 1, 2021/09/16, 11:20:23.161, 5002919829689, vstest.console.dll, InferRunSettingsHelper.IsTestSettingsEnabled: Unable to navigate to RunSettings/MSTest. Current node: RunSettings
TpTrace Verbose: 0 : 17604, 1, 2021/09/16, 11:20:23.173, 5002919950586, vstest.console.dll, TestRequestSender is acting as server
TpTrace Verbose: 0 : 17604, 4, 2021/09/16, 11:20:23.176, 5002919979769, vstest.console.dll, DataCollectionRequestSender.InitializeCommunication : Initialize communication. 
TpTrace Information: 0 : 17604, 4, 2021/09/16, 11:20:23.189, 5002920105575, vstest.console.dll, Listening on Endpoint : 127.0.0.1:64341
TpTrace Verbose: 0 : 17604, 4, 2021/09/16, 11:20:23.199, 5002920205422, vstest.console.dll, DotnetDataCollectionLauncher: Full path of dotnet.exe is C:\Program Files\dotnet\dotnet.exe
TpTrace Verbose: 0 : 17604, 4, 2021/09/16, 11:20:23.199, 5002920207352, vstest.console.dll, DotnetDataCollectionLauncher: Adding  --runtimeconfig "C:\Program Files\dotnet\sdk\5.0.400\datacollector.runtimeconfig.json" in args
TpTrace Verbose: 0 : 17604, 4, 2021/09/16, 11:20:23.199, 5002920208150, vstest.console.dll, DotnetDataCollectionLauncher: Adding  --depsfile "C:\Program Files\dotnet\sdk\5.0.400\datacollector.deps.json" in args
TpTrace Information: 0 : 17604, 4, 2021/09/16, 11:20:23.207, 5002920281069, vstest.console.dll, ProxyDataCollectionManager.Initialize: Launched datacollector processId: 14656 port: 64341
TpTrace Information: 0 : 17604, 4, 2021/09/16, 11:20:23.207, 5002920282763, vstest.console.dll, ProxyDataCollectionManager.Initialize: waiting for connection with timeout: 90 seconds
TpTrace Verbose: 0 : 17604, 4, 2021/09/16, 11:20:23.207, 5002920283589, vstest.console.dll, DataCollectionRequestSender.WaitForRequestHandlerConnection : Waiting for connection with timeout: 90000
TpTrace Information: 0 : 17604, 7, 2021/09/16, 11:20:23.339, 5002921606162, vstest.console.dll, Using the buffer size of 16384 bytes
TpTrace Verbose: 0 : 17604, 4, 2021/09/16, 11:20:23.339, 5002921606791, vstest.console.dll, ProxyDataCollectionManager.InvokeDataCollectionServiceAction: Starting.
TpTrace Information: 0 : 17604, 7, 2021/09/16, 11:20:23.339, 5002921607456, vstest.console.dll, Accepted Client request and set the flag
TpTrace Information: 0 : 17604, 4, 2021/09/16, 11:20:23.339, 5002921608680, vstest.console.dll, ProxyDataCollectionManager.BeforeTestRunStart: Get environment variable and port for datacollector processId: 14656 port: 64341
TpTrace Verbose: 0 : 17604, 4, 2021/09/16, 11:20:23.339, 5002921609998, vstest.console.dll, DataCollectionRequestSender.SendBeforeTestRunStartAndGetResult : Send BeforeTestRunStart message with settingsXml <RunSettings><RunConfiguration><ResultsDirectory>D:\Install\Ritesh1824_git\AngularRomanCalculator\AngularRomanCalculatorTest\bin\Debug\net5.0\fine-code-coverage\coverage-tool-output</ResultsDirectory><TargetPlatform>X64</TargetPlatform><TargetFrameworkVersion>.NETCoreApp,Version=v5.0</TargetFrameworkVersion><DesignMode>False</DesignMode><CollectSourceInformation>False</CollectSourceInformation><TestAdaptersPaths>C:\Program Files\dotnet\sdk\5.0.400\Extensions</TestAdaptersPaths></RunConfiguration><LoggerRunSettings><Loggers><Logger friendlyName="blame" enabled="True" /><Logger friendlyName="Console" uri="logger://microsoft/TestPlatform/ConsoleLogger/v1" assemblyQualifiedName="Microsoft.VisualStudio.TestPlatform.CommandLine.Internal.ConsoleLogger, vstest.console, Version=15.0.0.0, Culture=neutral, PublicKeyToken=b03f5f7f11d50a3a" codeBase="C:\Program Files\dotnet\sdk\5.0.400\vstest.console.dll" enabled="True" /></Loggers></LoggerRunSettings><DataCollectionRunSettings><DataCollectors><DataCollector friendlyName="blame" enabled="True"><Configuration><ResultsDirectory>D:\Install\Ritesh1824_git\AngularRomanCalculator\AngularRomanCalculatorTest\bin\Debug\net5.0\fine-code-coverage\coverage-tool-output</ResultsDirectory></Configuration></DataCollector></DataCollectors></DataCollectionRunSettings></RunSettings> and sources System.Linq.Enumerable+Concat2Iterator`1[System.String]: 
TpTrace Verbose: 0 : 17604, 4, 2021/09/16, 11:20:23.406, 5002922274687, vstest.console.dll, DataCollectionRequestSender.SendBeforeTestRunStartAndGetResult : Received message: (DataCollection.SendMessage) -> {
  "FriendlyName": null,
  "Uri": null,
  "TestCaseId": "00000000-0000-0000-0000-000000000000",
  "Message": "Logging DataCollector Diagnostics in file: D:\\Install\\Ritesh1824_git\\AngularRomanCalculator\\AngularRomanCalculatorTest\\bin\\Debug\\net5.0\\fine-code-coverage\\coverage-tool-output\\diagnostics.datacollector.21-09-16_11-20-23_19467_4.log",
  "Level": 0
}
TpTrace Verbose: 0 : 17604, 4, 2021/09/16, 11:20:23.464, 5002922858588, vstest.console.dll, DataCollectionRequestSender.SendBeforeTestRunStartAndGetResult : Received message: (DataCollection.BeforeTestRunStartResult) -> {
  "EnvironmentVariables": {},
  "DataCollectionEventsPort": 64343
}
TpTrace Information: 0 : 17604, 4, 2021/09/16, 11:20:23.468, 5002922893224, vstest.console.dll, ProxyDataCollectionManager.BeforeTestRunStart: SendBeforeTestRunStartAndGetResult successful, env variable from datacollector:   and testhost port: 64343
TpTrace Information: 0 : 17604, 4, 2021/09/16, 11:20:23.468, 5002922894127, vstest.console.dll, ProxyDataCollectionManager.InvokeDataCollectionServiceAction: Completed.
TpTrace Verbose: 0 : 17604, 1, 2021/09/16, 11:20:23.468, 5002922895370, vstest.console.dll, TestRunRequest.ExecuteAsync: Creating test run request.
TpTrace Verbose: 0 : 17604, 1, 2021/09/16, 11:20:23.468, 5002922897521, vstest.console.dll, TestRunRequest.ExecuteAsync: Starting.
TpTrace Information: 0 : 17604, 1, 2021/09/16, 11:20:23.468, 5002922899903, vstest.console.dll, TestRunRequest.ExecuteAsync: Starting run with settings:TestRunCriteria:
   KeepAlive=False,FrequencyOfRunStatsChangeEvent=10,RunStatsChangeEventTimeout=00:00:01.5000000,TestCaseFilter=,TestExecutorLauncher=
   Settingsxml=<RunSettings>
  <RunConfiguration>
    <ResultsDirectory>D:\Install\Ritesh1824_git\AngularRomanCalculator\AngularRomanCalculatorTest\bin\Debug\net5.0\fine-code-coverage\coverage-tool-output</ResultsDirectory>
    <TargetPlatform>X64</TargetPlatform>
    <TargetFrameworkVersion>.NETCoreApp,Version=v5.0</TargetFrameworkVersion>
    <DesignMode>False</DesignMode>
    <CollectSourceInformation>False</CollectSourceInformation>
  </RunConfiguration>
  <LoggerRunSettings>
    <Loggers>
      <Logger friendlyName="blame" enabled="True" />
      <Logger friendlyName="Console" uri="logger://microsoft/TestPlatform/ConsoleLogger/v1" assemblyQualifiedName="Microsoft.VisualStudio.TestPlatform.CommandLine.Internal.ConsoleLogger, vstest.console, Version=15.0.0.0, Culture=neutral, PublicKeyToken=b03f5f7f11d50a3a" codeBase="C:\Program Files\dotnet\sdk\5.0.400\vstest.console.dll" enabled="True" />
    </Loggers>
  </LoggerRunSettings>
  <DataCollectionRunSettings>
    <DataCollectors>
      <DataCollector friendlyName="blame" enabled="True">
        <Configuration>
          <ResultsDirectory>D:\Install\Ritesh1824_git\AngularRomanCalculator\AngularRomanCalculatorTest\bin\Debug\net5.0\fine-code-coverage\coverage-tool-output</ResultsDirectory>
        </Configuration>
      </DataCollector>
    </DataCollectors>
  </DataCollectionRunSettings>
</RunSettings>

TpTrace Verbose: 0 : 17604, 1, 2021/09/16, 11:20:23.468, 5002922900456, vstest.console.dll, TestRunRequest.ExecuteAsync: Wait for the first run request is over.
TpTrace Verbose: 0 : 17604, 1, 2021/09/16, 11:20:23.469, 5002922904085, vstest.console.dll, ParallelProxyExecutionManager: Start execution. Total sources: 1
TpTrace Information: 0 : 17604, 1, 2021/09/16, 11:20:23.469, 5002922909690, vstest.console.dll, ProxyParallelExecutionManager: Triggering test run for next source: D:\Install\Ritesh1824_git\AngularRomanCalculator\AngularRomanCalculatorTest\bin\Debug\net5.0\fine-code-coverage\build-output\AngularRomanCalculatorTest.dll
TpTrace Verbose: 0 : 17604, 6, 2021/09/16, 11:20:23.470, 5002922911162, vstest.console.dll, ParallelProxyExecutionManager: Execution started. Started clients: 1
TpTrace Verbose: 0 : 17604, 1, 2021/09/16, 11:20:23.470, 5002922911380, vstest.console.dll, ProxyParallelExecutionManager: No sources available for execution.
TpTrace Information: 0 : 17604, 1, 2021/09/16, 11:20:23.470, 5002922912164, vstest.console.dll, TestRunRequest.ExecuteAsync: Started.
TpTrace Verbose: 0 : 17604, 1, 2021/09/16, 11:20:23.470, 5002922912834, vstest.console.dll, TestRunRequest.WaitForCompletion: Waiting with timeout -1.
TpTrace Verbose: 0 : 17604, 6, 2021/09/16, 11:20:23.470, 5002922913532, vstest.console.dll, TestRunRequest:SendTestRunMessage: Starting.
TpTrace Information: 0 : 17604, 6, 2021/09/16, 11:20:23.470, 5002922914464, vstest.console.dll, TestRunRequest:SendTestRunMessage: Completed.
TpTrace Verbose: 0 : 17604, 6, 2021/09/16, 11:20:23.470, 5002922916160, vstest.console.dll, ProxyExecutionManager: Test host is always Lazy initialize.
TpTrace Verbose: 0 : 17604, 6, 2021/09/16, 11:20:23.470, 5002922917912, vstest.console.dll, TestRequestSender.InitializeCommunication: initialize communication. 
TpTrace Information: 0 : 17604, 6, 2021/09/16, 11:20:23.471, 5002922922033, vstest.console.dll, SocketServer.Start: Listening on endpoint : 127.0.0.1:64344
TpTrace Verbose: 0 : 17604, 6, 2021/09/16, 11:20:23.471, 5002922927842, vstest.console.dll, DotnetTestHostmanager: Adding  --runtimeconfig "D:\Install\Ritesh1824_git\AngularRomanCalculator\AngularRomanCalculatorTest\bin\Debug\net5.0\fine-code-coverage\build-output\AngularRomanCalculatorTest.runtimeconfig.json" in args
TpTrace Verbose: 0 : 17604, 6, 2021/09/16, 11:20:23.471, 5002922928348, vstest.console.dll, DotnetTestHostmanager: Adding  --depsfile "D:\Install\Ritesh1824_git\AngularRomanCalculator\AngularRomanCalculatorTest\bin\Debug\net5.0\fine-code-coverage\build-output\AngularRomanCalculatorTest.deps.json" in args
TpTrace Verbose: 0 : 17604, 6, 2021/09/16, 11:20:23.471, 5002922929678, vstest.console.dll, DotnetTestHostManager: Testhost.exe/testhost.x86.exe found at path: D:\Install\Ritesh1824_git\AngularRomanCalculator\AngularRomanCalculatorTest\bin\Debug\net5.0\fine-code-coverage\build-output\testhost.exe
TpTrace Verbose: 0 : 17604, 6, 2021/09/16, 11:20:23.471, 5002922930146, vstest.console.dll, DotnetTestHostmanager: Full path of host exe is D:\Install\Ritesh1824_git\AngularRomanCalculator\AngularRomanCalculatorTest\bin\Debug\net5.0\fine-code-coverage\build-output\testhost.exe
TpTrace Verbose: 0 : 17604, 4, 2021/09/16, 11:20:23.472, 5002922937659, vstest.console.dll, DotnetTestHostManager: Starting process 'D:\Install\Ritesh1824_git\AngularRomanCalculator\AngularRomanCalculatorTest\bin\Debug\net5.0\fine-code-coverage\build-output\testhost.exe' with command line ' --runtimeconfig "D:\Install\Ritesh1824_git\AngularRomanCalculator\AngularRomanCalculatorTest\bin\Debug\net5.0\fine-code-coverage\build-output\AngularRomanCalculatorTest.runtimeconfig.json" --depsfile "D:\Install\Ritesh1824_git\AngularRomanCalculator\AngularRomanCalculatorTest\bin\Debug\net5.0\fine-code-coverage\build-output\AngularRomanCalculatorTest.deps.json" --port 64344 --endpoint 127.0.0.1:064344 --role client --parentprocessid 17604 --diag "D:\Install\Ritesh1824_git\AngularRomanCalculator\AngularRomanCalculatorTest\bin\Debug\net5.0\fine-code-coverage\coverage-tool-output\diagnostics.host.21-09-16_11-20-23_47143_6.log" --tracelevel 4 --datacollectionport 64343 --telemetryoptedin false'
TpTrace Verbose: 0 : 17604, 4, 2021/09/16, 11:20:23.476, 5002922980859, vstest.console.dll, Test Runtime launched
TpTrace Verbose: 0 : 17604, 6, 2021/09/16, 11:20:23.477, 5002922987785, vstest.console.dll, TestRequestSender.WaitForRequestHandlerConnection: waiting for connection with timeout: 90000
TpTrace Verbose: 0 : 17604, 4, 2021/09/16, 11:20:23.642, 5002924636855, vstest.console.dll, SocketServer.OnClientConnected: Client connected for endPoint: 127.0.0.1:64344, starting MessageLoopAsync:
TpTrace Verbose: 0 : 17604, 4, 2021/09/16, 11:20:23.642, 5002924639231, vstest.console.dll, TcpClientExtensions.MessageLoopAsync: Polling on remoteEndPoint: 127.0.0.1:64345 localEndPoint: 127.0.0.1:64344
TpTrace Verbose: 0 : 17604, 4, 2021/09/16, 11:20:23.755, 5002925767567, vstest.console.dll, TcpClientExtensions.MessageLoopAsync: NotifyDataAvailable remoteEndPoint: 127.0.0.1:64345 localEndPoint: 127.0.0.1:64344
TpTrace Verbose: 0 : 17604, 4, 2021/09/16, 11:20:23.755, 5002925769965, vstest.console.dll, TestRequestSender.CheckVersionWithTestHost: onMessageReceived received message: (ProtocolVersion) -> 5
TpTrace Verbose: 0 : 17604, 4, 2021/09/16, 11:20:23.756, 5002925772710, vstest.console.dll, TcpClientExtensions.MessageLoopAsync: Polling on remoteEndPoint: 127.0.0.1:64345 localEndPoint: 127.0.0.1:64344
TpTrace Verbose: 0 : 17604, 6, 2021/09/16, 11:20:23.756, 5002925773735, vstest.console.dll, TestPluginCache.GetExtensionPaths: Filtered extension paths: 
TpTrace Verbose: 0 : 17604, 6, 2021/09/16, 11:20:23.756, 5002925774327, vstest.console.dll, TestPluginCache.GetExtensionPaths: Added default extension paths: C:\Program Files\dotnet\sdk\5.0.400\Extensions\Microsoft.Diagnostics.NETCore.Client.dll
C:\Program Files\dotnet\sdk\5.0.400\Extensions\Microsoft.TestPlatform.Extensions.BlameDataCollector.dll
C:\Program Files\dotnet\sdk\5.0.400\Extensions\Microsoft.TestPlatform.Extensions.EventLogCollector.dll
C:\Program Files\dotnet\sdk\5.0.400\Extensions\Microsoft.TestPlatform.TestHostRuntimeProvider.dll
C:\Program Files\dotnet\sdk\5.0.400\Extensions\Microsoft.VisualStudio.TestPlatform.Extensions.Html.TestLogger.dll
C:\Program Files\dotnet\sdk\5.0.400\Extensions\Microsoft.VisualStudio.TestPlatform.Extensions.Trx.TestLogger.dll
TpTrace Verbose: 0 : 17604, 6, 2021/09/16, 11:20:23.756, 5002925774685, vstest.console.dll, TestPluginCache.GetExtensionPaths: Added unfilterableExtensionPaths: 
TpTrace Verbose: 0 : 17604, 6, 2021/09/16, 11:20:23.759, 5002925801018, vstest.console.dll, TestRequestSender.InitializeExecution: Sending initializing execution with message: {"Version":5,"MessageType":"TestExecution.Initialize","Payload":["D:\\Install\\Ritesh1824_git\\AngularRomanCalculator\\AngularRomanCalculatorTest\\bin\\Debug\\net5.0\\fine-code-coverage\\build-output\\Microsoft.VisualStudio.TestPlatform.MSTest.TestAdapter.dll"]}
TpTrace Verbose: 0 : 17604, 4, 2021/09/16, 11:20:23.764, 5002925854478, vstest.console.dll, TcpClientExtensions.MessageLoopAsync: NotifyDataAvailable remoteEndPoint: 127.0.0.1:64345 localEndPoint: 127.0.0.1:64344
TpTrace Verbose: 0 : 17604, 4, 2021/09/16, 11:20:23.764, 5002925855859, vstest.console.dll, TestRequestSender.OnExecutionMessageReceived: Received message: {"Version":5,"MessageType":"TestSession.Message","Payload":{"MessageLevel":0,"Message":"Logging TestHost Diagnostics in file: D:\\Install\\Ritesh1824_git\\AngularRomanCalculator\\AngularRomanCalculatorTest\\bin\\Debug\\net5.0\\fine-code-coverage\\coverage-tool-output\\diagnostics.host.21-09-16_11-20-23_47143_6.log"}}
TpTrace Verbose: 0 : 17604, 6, 2021/09/16, 11:20:23.765, 5002925869493, vstest.console.dll, TestRequestSender.StartTestRun: Sending test run with message: {"Version":5,"MessageType":"TestExecution.StartWithSources","Payload":{"AdapterSourceMap":{"_none_":["D:\\Install\\Ritesh1824_git\\AngularRomanCalculator\\AngularRomanCalculatorTest\\bin\\Debug\\net5.0\\fine-code-coverage\\build-output\\AngularRomanCalculatorTest.dll"]},"RunSettings":"<RunSettings>\r\n  <RunConfiguration>\r\n    <ResultsDirectory>D:\\Install\\Ritesh1824_git\\AngularRomanCalculator\\AngularRomanCalculatorTest\\bin\\Debug\\net5.0\\fine-code-coverage\\coverage-tool-output</ResultsDirectory>\r\n    <TargetPlatform>X64</TargetPlatform>\r\n    <TargetFrameworkVersion>.NETCoreApp,Version=v5.0</TargetFrameworkVersion>\r\n    <DesignMode>False</DesignMode>\r\n    <CollectSourceInformation>False</CollectSourceInformation>\r\n  </RunConfiguration>\r\n  <LoggerRunSettings>\r\n    <Loggers>\r\n      <Logger friendlyName=\"blame\" enabled=\"True\" />\r\n      <Logger friendlyName=\"Console\" uri=\"logger://microsoft/TestPlatform/ConsoleLogger/v1\" assemblyQualifiedName=\"Microsoft.VisualStudio.TestPlatform.CommandLine.Internal.ConsoleLogger, vstest.console, Version=15.0.0.0, Culture=neutral, PublicKeyToken=b03f5f7f11d50a3a\" codeBase=\"C:\\Program Files\\dotnet\\sdk\\5.0.400\\vstest.console.dll\" enabled=\"True\" />\r\n    </Loggers>\r\n  </LoggerRunSettings>\r\n  <DataCollectionRunSettings>\r\n    <DataCollectors>\r\n      <DataCollector friendlyName=\"blame\" enabled=\"True\">\r\n        <Configuration>\r\n          <ResultsDirectory>D:\\Install\\Ritesh1824_git\\AngularRomanCalculator\\AngularRomanCalculatorTest\\bin\\Debug\\net5.0\\fine-code-coverage\\coverage-tool-output</ResultsDirectory>\r\n        </Configuration>\r\n      </DataCollector>\r\n    </DataCollectors>\r\n  </DataCollectionRunSettings>\r\n</RunSettings>","TestExecutionContext":{"FrequencyOfRunStatsChangeEvent":10,"RunStatsChangeEventTimeout":"00:00:01.5000000","InIsolation":false,"KeepAlive":false,"AreTestCaseLevelEventsRequired":false,"IsDebug":false,"TestCaseFilter":null,"FilterOptions":null},"Package":null}}
TpTrace Verbose: 0 : 17604, 4, 2021/09/16, 11:20:23.766, 5002925873700, vstest.console.dll, TestRunRequest:SendTestRunMessage: Starting.
TpTrace Information: 0 : 17604, 4, 2021/09/16, 11:20:23.766, 5002925874704, vstest.console.dll, TestRunRequest:SendTestRunMessage: Completed.
TpTrace Verbose: 0 : 17604, 4, 2021/09/16, 11:20:23.766, 5002925875201, vstest.console.dll, TcpClientExtensions.MessageLoopAsync: Polling on remoteEndPoint: 127.0.0.1:64345 localEndPoint: 127.0.0.1:64344
TpTrace Verbose: 0 : 17604, 4, 2021/09/16, 11:20:24.130, 5002929520573, vstest.console.dll, TcpClientExtensions.MessageLoopAsync: NotifyDataAvailable remoteEndPoint: 127.0.0.1:64345 localEndPoint: 127.0.0.1:64344
TpTrace Verbose: 0 : 17604, 4, 2021/09/16, 11:20:24.131, 5002929522859, vstest.console.dll, TestRequestSender.OnExecutionMessageReceived: Received message: {"Version":5,"MessageType":"TestExecution.Completed","Payload":{"TestRunCompleteArgs":{"TestRunStatistics":{"ExecutedTests":6,"Stats":{"Passed":6}},"IsCanceled":false,"IsAborted":false,"Error":null,"AttachmentSets":[],"ElapsedTimeInRunningTests":"00:00:00.2113923","Metrics":{}},"LastRunTests":{"NewTestResults":[{"TestCase":{"Id":"cdfba89a-2fc5-1e64-3c5c-f179d0a92560","FullyQualifiedName":"AngularRomanCalculatorTest.AngularRomanCalTest.Test_AddDeciaml_ForInt","DisplayName":"Test_AddDeciaml_ForInt","ExecutorUri":"executor://MSTestAdapter/v2","Source":"D:\\Install\\Ritesh1824_git\\AngularRomanCalculator\\AngularRomanCalculatorTest\\bin\\Debug\\net5.0\\fine-code-coverage\\build-output\\AngularRomanCalculatorTest.dll","CodeFilePath":null,"LineNumber":-1,"Properties":[{"Key":{"Id":"TestCase.ManagedType","Label":"ManagedType","Category":"","Description":"","Attributes":1,"ValueType":"System.String"},"Value":"AngularRomanCalculatorTest.AngularRomanCalTest"},{"Key":{"Id":"TestCase.ManagedMethod","Label":"ManagedMethod","Category":"","Description":"","Attributes":1,"ValueType":"System.String"},"Value":"Test_AddDeciaml_ForInt"},{"Key":{"Id":"MSTestDiscoverer.TestClassName","Label":"ClassName","Category":"","Description":"","Attributes":1,"ValueType":"System.String"},"Value":"AngularRomanCalculatorTest.AngularRomanCalTest"},{"Key":{"Id":"TestObject.Traits","Label":"Traits","Category":"","Description":"","Attributes":5,"ValueType":"System.Collections.Generic.KeyValuePair`2[[System.String],[System.String]][]"},"Value":[]}]},"Attachments":[],"Outcome":1,"ErrorMessage":null,"ErrorStackTrace":null,"DisplayName":null,"Messages":[],"ComputerName":null,"Duration":"00:00:00.0061375","StartTime":"2021-09-16T11:20:24.0056074+05:30","EndTime":"2021-09-16T11:20:24.0521465+05:30","Properties":[{"Key":{"Id":"ExecutionId","Label":"ExecutionId","Category":"","Description":"","Attributes":1,"ValueType":"System.Guid"},"Value":"00000000-0000-0000-0000-000000000000"},{"Key":{"Id":"ParentExecId","Label":"ParentExecId","Category":"","Description":"","Attributes":1,"ValueType":"System.Guid"},"Value":"00000000-0000-0000-0000-000000000000"},{"Key":{"Id":"InnerResultsCount","Label":"InnerResultsCount","Category":"","Description":"","Attributes":1,"ValueType":"System.Int32"},"Value":0}]},{"TestCase":{"Id":"0b38c191-ab37-c926-d616-abd33669e874","FullyQualifiedName":"AngularRomanCalculatorTest.AngularRomanCalTest.Test_AddDeciaml_ForDecimal","DisplayName":"Test_AddDeciaml_ForDecimal","ExecutorUri":"executor://MSTestAdapter/v2","Source":"D:\\Install\\Ritesh1824_git\\AngularRomanCalculator\\AngularRomanCalculatorTest\\bin\\Debug\\net5.0\\fine-code-coverage\\build-output\\AngularRomanCalculatorTest.dll","CodeFilePath":null,"LineNumber":-1,"Properties":[{"Key":{"Id":"TestCase.ManagedType","Label":"ManagedType","Category":"","Description":"","Attributes":1,"ValueType":"System.String"},"Value":"AngularRomanCalculatorTest.AngularRomanCalTest"},{"Key":{"Id":"TestCase.ManagedMethod","Label":"ManagedMethod","Category":"","Description":"","Attributes":1,"ValueType":"System.String"},"Value":"Test_AddDeciaml_ForDecimal"},{"Key":{"Id":"MSTestDiscoverer.TestClassName","Label":"ClassName","Category":"","Description":"","Attributes":1,"ValueType":"System.String"},"Value":"AngularRomanCalculatorTest.AngularRomanCalTest"},{"Key":{"Id":"TestObject.Traits","Label":"Traits","Category":"","Description":"","Attributes":5,"ValueType":"System.Collections.Generic.KeyValuePair`2[[System.String],[System.String]][]"},"Value":[]}]},"Attachments":[],"Outcome":1,"ErrorMessage":null,"ErrorStackTrace":null,"DisplayName":null,"Messages":[],"ComputerName":null,"Duration":"00:00:00.0001213","StartTime":"2021-09-16T11:20:24.0768133+05:30","EndTime":"2021-09-16T11:20:24.0792359+05:30","Properties":[{"Key":{"Id":"ExecutionId","Label":"ExecutionId","Category":"","Description":"","Attributes":1,"ValueType":"System.Guid"},"Value":"00000000-0000-0000-0000-000000000000"},{"Key":{"Id":"ParentExecId","Label":"ParentExecId","Category":"","Description":"","Attributes":1,"ValueType":"System.Guid"},"Value":"00000000-0000-0000-0000-000000000000"},{"Key":{"Id":"InnerResultsCount","Label":"InnerResultsCount","Category":"","Description":"","Attributes":1,"ValueType":"System.Int32"},"Value":0}]},{"TestCase":{"Id":"5f8a0a7a-97f6-8a52-8f18-80b8a5cc6556","FullyQualifiedName":"AngularRomanCalculatorTest.AngularRomanCalTest.Test_IntToRoman","DisplayName":"Test_IntToRoman","ExecutorUri":"executor://MSTestAdapter/v2","Source":"D:\\Install\\Ritesh1824_git\\AngularRomanCalculator\\AngularRomanCalculatorTest\\bin\\Debug\\net5.0\\fine-code-coverage\\build-output\\AngularRomanCalculatorTest.dll","CodeFilePath":null,"LineNumber":-1,"Properties":[{"Key":{"Id":"TestCase.ManagedType","Label":"ManagedType","Category":"","Description":"","Attributes":1,"ValueType":"System.String"},"Value":"AngularRomanCalculatorTest.AngularRomanCalTest"},{"Key":{"Id":"TestCase.ManagedMethod","Label":"ManagedMethod","Category":"","Description":"","Attributes":1,"ValueType":"System.String"},"Value":"Test_IntToRoman"},{"Key":{"Id":"MSTestDiscoverer.TestClassName","Label":"ClassName","Category":"","Description":"","Attributes":1,"ValueType":"System.String"},"Value":"AngularRomanCalculatorTest.AngularRomanCalTest"},{"Key":{"Id":"TestObject.Traits","Label":"Traits","Category":"","Description":"","Attributes":5,"ValueType":"System.Collections.Generic.KeyValuePair`2[[System.String],[System.String]][]"},"Value":[]}]},"Attachments":[],"Outcome":1,"ErrorMessage":null,"ErrorStackTrace":null,"DisplayName":null,"Messages":[],"ComputerName":null,"Duration":"00:00:00.0004123","StartTime":"2021-09-16T11:20:24.0816582+05:30","EndTime":"2021-09-16T11:20:24.082259+05:30","Properties":[{"Key":{"Id":"ExecutionId","Label":"ExecutionId","Category":"","Description":"","Attributes":1,"ValueType":"System.Guid"},"Value":"00000000-0000-0000-0000-000000000000"},{"Key":{"Id":"ParentExecId","Label":"ParentExecId","Category":"","Description":"","Attributes":1,"ValueType":"System.Guid"},"Value":"00000000-0000-0000-0000-000000000000"},{"Key":{"Id":"InnerResultsCount","Label":"InnerResultsCount","Category":"","Description":"","Attributes":1,"ValueType":"System.Int32"},"Value":0}]},{"TestCase":{"Id":"cdf13265-58ed-0d25-b40c-04c6fa18605e","FullyQualifiedName":"AngularRomanCalculatorTest.AngularRomanCalTest.Test_RomanToInt","DisplayName":"Test_RomanToInt","ExecutorUri":"executor://MSTestAdapter/v2","Source":"D:\\Install\\Ritesh1824_git\\AngularRomanCalculator\\AngularRomanCalculatorTest\\bin\\Debug\\net5.0\\fine-code-coverage\\build-output\\AngularRomanCalculatorTest.dll","CodeFilePath":null,"LineNumber":-1,"Properties":[{"Key":{"Id":"TestCase.ManagedType","Label":"ManagedType","Category":"","Description":"","Attributes":1,"ValueType":"System.String"},"Value":"AngularRomanCalculatorTest.AngularRomanCalTest"},{"Key":{"Id":"TestCase.ManagedMethod","Label":"ManagedMethod","Category":"","Description":"","Attributes":1,"ValueType":"System.String"},"Value":"Test_RomanToInt"},{"Key":{"Id":"MSTestDiscoverer.TestClassName","Label":"ClassName","Category":"","Description":"","Attributes":1,"ValueType":"System.String"},"Value":"AngularRomanCalculatorTest.AngularRomanCalTest"},{"Key":{"Id":"TestObject.Traits","Label":"Traits","Category":"","Description":"","Attributes":5,"ValueType":"System.Collections.Generic.KeyValuePair`2[[System.String],[System.String]][]"},"Value":[]}]},"Attachments":[],"Outcome":1,"ErrorMessage":null,"ErrorStackTrace":null,"DisplayName":null,"Messages":[],"ComputerName":null,"Duration":"00:00:00.0031955","StartTime":"2021-09-16T11:20:24.0849603+05:30","EndTime":"2021-09-16T11:20:24.0883647+05:30","Properties":[{"Key":{"Id":"ExecutionId","Label":"ExecutionId","Category":"","Description":"","Attributes":1,"ValueType":"System.Guid"},"Value":"00000000-0000-0000-0000-000000000000"},{"Key":{"Id":"ParentExecId","Label":"ParentExecId","Category":"","Description":"","Attributes":1,"ValueType":"System.Guid"},"Value":"00000000-0000-0000-0000-000000000000"},{"Key":{"Id":"InnerResultsCount","Label":"InnerResultsCount","Category":"","Description":"","Attributes":1,"ValueType":"System.Int32"},"Value":0}]},{"TestCase":{"Id":"15ca3511-4edf-8944-2f85-2a27e2d10829","FullyQualifiedName":"AngularRomanCalculatorTest.AngularRomanCalTest.Test_addRoman","DisplayName":"Test_addRoman","ExecutorUri":"executor://MSTestAdapter/v2","Source":"D:\\Install\\Ritesh1824_git\\AngularRomanCalculator\\AngularRomanCalculatorTest\\bin\\Debug\\net5.0\\fine-code-coverage\\build-output\\AngularRomanCalculatorTest.dll","CodeFilePath":null,"LineNumber":-1,"Properties":[{"Key":{"Id":"TestCase.ManagedType","Label":"ManagedType","Category":"","Description":"","Attributes":1,"ValueType":"System.String"},"Value":"AngularRomanCalculatorTest.AngularRomanCalTest"},{"Key":{"Id":"TestCase.ManagedMethod","Label":"ManagedMethod","Category":"","Description":"","Attributes":1,"ValueType":"System.String"},"Value":"Test_addRoman"},{"Key":{"Id":"MSTestDiscoverer.TestClassName","Label":"ClassName","Category":"","Description":"","Attributes":1,"ValueType":"System.String"},"Value":"AngularRomanCalculatorTest.AngularRomanCalTest"},{"Key":{"Id":"TestObject.Traits","Label":"Traits","Category":"","Description":"","Attributes":5,"ValueType":"System.Collections.Generic.KeyValuePair`2[[System.String],[System.String]][]"},"Value":[]}]},"Attachments":[],"Outcome":1,"ErrorMessage":null,"ErrorStackTrace":null,"DisplayName":null,"Messages":[],"ComputerName":null,"Duration":"00:00:00.0002376","StartTime":"2021-09-16T11:20:24.0911879+05:30","EndTime":"2021-09-16T11:20:24.0916064+05:30","Properties":[{"Key":{"Id":"ExecutionId","Label":"ExecutionId","Category":"","Description":"","Attributes":1,"ValueType":"System.Guid"},"Value":"00000000-0000-0000-0000-000000000000"},{"Key":{"Id":"ParentExecId","Label":"ParentExecId","Category":"","Description":"","Attributes":1,"ValueType":"System.Guid"},"Value":"00000000-0000-0000-0000-000000000000"},{"Key":{"Id":"InnerResultsCount","Label":"InnerResultsCount","Category":"","Description":"","Attributes":1,"ValueType":"System.Int32"},"Value":0}]},{"TestCase":{"Id":"bb0cac6f-8a81-a325-8e6c-e53754794b42","FullyQualifiedName":"AngularRomanCalculatorTest.AngularRomanCalTest.Test_addRoman_ExceedsRange","DisplayName":"Test_addRoman_ExceedsRange","ExecutorUri":"executor://MSTestAdapter/v2","Source":"D:\\Install\\Ritesh1824_git\\AngularRomanCalculator\\AngularRomanCalculatorTest\\bin\\Debug\\net5.0\\fine-code-coverage\\build-output\\AngularRomanCalculatorTest.dll","CodeFilePath":null,"LineNumber":-1,"Properties":[{"Key":{"Id":"TestCase.ManagedType","Label":"ManagedType","Category":"","Description":"","Attributes":1,"ValueType":"System.String"},"Value":"AngularRomanCalculatorTest.AngularRomanCalTest"},{"Key":{"Id":"TestCase.ManagedMethod","Label":"ManagedMethod","Category":"","Description":"","Attributes":1,"ValueType":"System.String"},"Value":"Test_addRoman_ExceedsRange"},{"Key":{"Id":"MSTestDiscoverer.TestClassName","Label":"ClassName","Category":"","Description":"","Attributes":1,"ValueType":"System.String"},"Value":"AngularRomanCalculatorTest.AngularRomanCalTest"},{"Key":{"Id":"TestObject.Traits","Label":"Traits","Category":"","Description":"","Attributes":5,"ValueType":"System.Collections.Generic.KeyValuePair`2[[System.String],[System.String]][]"},"Value":[]}]},"Attachments":[],"Outcome":1,"ErrorMessage":null,"ErrorStackTrace":null,"DisplayName":null,"Messages":[],"ComputerName":null,"Duration":"00:00:00.0002617","StartTime":"2021-09-16T11:20:24.0938469+05:30","EndTime":"2021-09-16T11:20:24.0942699+05:30","Properties":[{"Key":{"Id":"ExecutionId","Label":"ExecutionId","Category":"","Description":"","Attributes":1,"ValueType":"System.Guid"},"Value":"00000000-0000-0000-0000-000000000000"},{"Key":{"Id":"ParentExecId","Label":"ParentExecId","Category":"","Description":"","Attributes":1,"ValueType":"System.Guid"},"Value":"00000000-0000-0000-0000-000000000000"},{"Key":{"Id":"InnerResultsCount","Label":"InnerResultsCount","Category":"","Description":"","Attributes":1,"ValueType":"System.Int32"},"Value":0}]}],"TestRunStatistics":{"ExecutedTests":6,"Stats":{"Passed":6}},"ActiveTests":[]},"RunAttachments":[],"ExecutorUris":["executor://mstestadapter/v2"]}}
TpTrace Verbose: 0 : 17604, 4, 2021/09/16, 11:20:24.133, 5002929543712, vstest.console.dll, TestRequestSender.EndSession: Sending end session.
TpTrace Verbose: 0 : 17604, 4, 2021/09/16, 11:20:24.133, 5002929544886, vstest.console.dll, ProxyOperationManager.Close: waiting for test host to exit for 100 ms
TpTrace Warning: 0 : 17604, 10, 2021/09/16, 11:20:24.154, 5002929751860, vstest.console.dll, TestHostManagerCallbacks.ErrorReceivedCallback Test host standard error line: 
TpTrace Verbose: 0 : 17604, 7, 2021/09/16, 11:20:24.157, 5002929789863, vstest.console.dll, TestHostProvider.ExitCallBack: Host exited starting callback.
TpTrace Information: 0 : 17604, 7, 2021/09/16, 11:20:24.158, 5002929793405, vstest.console.dll, TestHostManagerCallbacks.ExitCallBack: Testhost processId: 5440 exited with exitcode: 0 error: ''
TpTrace Verbose: 0 : 17604, 7, 2021/09/16, 11:20:24.158, 5002929793842, vstest.console.dll, DotnetTestHostManager.OnHostExited: invoking OnHostExited callback
TpTrace Verbose: 0 : 17604, 7, 2021/09/16, 11:20:24.158, 5002929794337, vstest.console.dll, CrossPlatEngine.TestHostManagerHostExited: calling on client process exit callback.
TpTrace Information: 0 : 17604, 7, 2021/09/16, 11:20:24.158, 5002929794765, vstest.console.dll, TestRequestSender.OnClientProcessExit: Test host process exited. Standard error: 
TpTrace Warning: 0 : 17604, 4, 2021/09/16, 11:20:24.158, 5002929794811, vstest.console.dll, ProxyOperationManager: Timed out waiting for test host to exit. Will terminate process.
TpTrace Information: 0 : 17604, 7, 2021/09/16, 11:20:24.158, 5002929795120, vstest.console.dll, SocketServer.Stop: Stop server endPoint: 127.0.0.1:64344
TpTrace Information: 0 : 17604, 7, 2021/09/16, 11:20:24.158, 5002929795822, vstest.console.dll, SocketServer.Stop: Cancellation requested. Stopping message loop.
TpTrace Verbose: 0 : 17604, 4, 2021/09/16, 11:20:24.159, 5002929803143, vstest.console.dll, ProxyDataCollectionManager.InvokeDataCollectionServiceAction: Starting.
TpTrace Information: 0 : 17604, 4, 2021/09/16, 11:20:24.159, 5002929804112, vstest.console.dll, ProxyDataCollectionManager.AfterTestRunEnd: Get attachment set for datacollector processId: 14656 port: 64341
TpTrace Verbose: 0 : 17604, 4, 2021/09/16, 11:20:24.159, 5002929804741, vstest.console.dll, DataCollectionRequestSender.SendAfterTestRunStartAndGetResult : Send AfterTestRunEnd message with isCancelled: False
TpTrace Verbose: 0 : 17604, 4, 2021/09/16, 11:20:24.162, 5002929832544, vstest.console.dll, DataCollectionRequestSender.SendAfterTestRunStartAndGetResult : Received message: (DataCollection.AfterTestRunEndResult) -> {
  "AttachmentSets": [],
  "Metrics": {}
}
TpTrace Information: 0 : 17604, 4, 2021/09/16, 11:20:24.166, 5002929872972, vstest.console.dll, ProxyDataCollectionManager.InvokeDataCollectionServiceAction: Completed.
TpTrace Warning: 0 : 17604, 9, 2021/09/16, 11:20:24.166, 5002929880108, vstest.console.dll, DataCollectionLauncher.ErrorReceivedCallback datacollector standard error line: 
TpTrace Information: 0 : 17604, 7, 2021/09/16, 11:20:24.171, 5002929924540, vstest.console.dll, DataCollectionLauncher.ExitCallBack: Data collector exited with exitcode: 0 error: ''
TpTrace Verbose: 0 : 17604, 4, 2021/09/16, 11:20:24.227, 5002930481168, vstest.console.dll, TestRunRequest:SendTestRunStatsChange: Starting.
TpTrace Information: 0 : 17604, 4, 2021/09/16, 11:20:24.227, 5002930483164, vstest.console.dll, TestRunRequest:SendTestRunStatsChange: Completed.
TpTrace Verbose: 0 : 17604, 4, 2021/09/16, 11:20:24.227, 5002930484508, vstest.console.dll, ParallelProxyExecutionManager: HandlePartialRunComplete: Total completed clients = 1, Run complete = True, Run canceled: False.
TpTrace Verbose: 0 : 17604, 4, 2021/09/16, 11:20:24.244, 5002930659733, vstest.console.dll, TestRunRequest:TestRunComplete: Starting. IsAborted:False IsCanceled:False.
TpTrace Verbose: 0 : 17604, 4, 2021/09/16, 11:20:24.245, 5002930661429, vstest.console.dll, TestLoggerManager.HandleTestRunComplete: Ignoring as the object is disposed.
TpTrace Information: 0 : 17604, 4, 2021/09/16, 11:20:24.245, 5002930663801, vstest.console.dll, TestRunRequest:TestRunComplete: Completed.
TpTrace Verbose: 0 : 17604, 1, 2021/09/16, 11:20:24.245, 5002930664268, vstest.console.dll, TestRunRequest.Dispose: Starting.
TpTrace Information: 0 : 17604, 1, 2021/09/16, 11:20:24.245, 5002930664851, vstest.console.dll, TestRunRequest.Dispose: Completed.
TpTrace Verbose: 0 : 17604, 4, 2021/09/16, 11:20:24.245, 5002930664344, vstest.console.dll, TestRequestSender.SetOperationComplete: Setting operation complete.
TpTrace Information: 0 : 17604, 4, 2021/09/16, 11:20:24.245, 5002930665646, vstest.console.dll, SocketServer.Stop: Stop server endPoint: 127.0.0.1:64344
TpTrace Information: 0 : 17604, 4, 2021/09/16, 11:20:24.245, 5002930665942, vstest.console.dll, SocketServer.Stop: Cancellation requested. Stopping message loop.
TpTrace Information: 0 : 17604, 1, 2021/09/16, 11:20:24.245, 5002930665223, vstest.console.dll, TestRequestManager.RunTests: run tests completed.
TpTrace Information: 0 : 17604, 4, 2021/09/16, 11:20:24.245, 5002930666361, vstest.console.dll, SocketServer.PrivateStop: Stop server endPoint: 127.0.0.1:64344 error: 
TpTrace Information: 0 : 17604, 1, 2021/09/16, 11:20:24.245, 5002930667101, vstest.console.dll, RunTestsArgumentProcessor:Execute: Test run is completed.
TpTrace Verbose: 0 : 17604, 1, 2021/09/16, 11:20:24.245, 5002930668544, vstest.console.dll, Executor.Execute: Exiting with exit code of 0
TpTrace Verbose: 0 : 17604, 4, 2021/09/16, 11:20:24.245, 5002930670206, vstest.console.dll, LengthPrefixCommunicationChannel.Dispose: Dispose reader and writer.
TpTrace Information: 0 : 17604, 4, 2021/09/16, 11:20:24.246, 5002930671005, vstest.console.dll, SocketServer.Stop: Raise disconnected event endPoint: 127.0.0.1:64344 error: 
TpTrace Verbose: 0 : 17604, 4, 2021/09/16, 11:20:24.246, 5002930671521, vstest.console.dll, TestRequestSender: OnTestRunAbort: Operation is already complete. Skip error message.
TpTrace Verbose: 0 : 17604, 4, 2021/09/16, 11:20:24.246, 5002930671920, vstest.console.dll, TcpClientExtensions.MessageLoopAsync: exiting MessageLoopAsync remoteEndPoint: 127.0.0.1:64345 localEndPoint: 127.0.0.1:64344
